<?xml version="1.0" encoding="UTF-8"?>
<!-- Generated by org.testng.reporters.JUnitReportReporter -->
<testsuite skipped="0" hostname="Batch2-KarkuvelRaj" name="week2.day2.Links" tests="4" failures="0" timestamp="31 Mar 2019 11:38:24 GMT" time="24.810" errors="0">
  <testcase name="sendKeys" time="6.999" classname="week2.day2.Links"/>
  <testcase name="click" time="5.864" classname="week2.day2.Links"/>
  <testcase name="actionsClass" time="6.293" classname="week2.day2.Links"/>
  <testcase name="javaScript" time="5.654" classname="week2.day2.Links"/>
</testsuite> <!-- week2.day2.Links -->
