<?xml version="1.0" encoding="UTF-8"?>
<!-- Generated by org.testng.reporters.JUnitReportReporter -->
<testsuite skipped="0" hostname="Batch2-KarkuvelRaj" name="week5.day1.DataProvider" tests="2" failures="0" timestamp="10 Mar 2019 07:32:39 GMT" time="43.696" errors="0">
  <testcase name="createLead" time="18.942" classname="week5.day1.DataProvider"/>
  <testcase name="createLead" time="24.754" classname="week5.day1.DataProvider"/>
</testsuite> <!-- week5.day1.DataProvider -->
