<?xml version="1.0" encoding="UTF-8"?>
<!-- Generated by org.testng.reporters.JUnitReportReporter -->
<testsuite skipped="0" hostname="Batch2-KarkuvelRaj" name="week4.day1.windowHandles" tests="1" failures="0" timestamp="31 Mar 2019 12:13:23 GMT" time="7.180" errors="0">
  <testcase name="windowHandle1" time="7.180" classname="week4.day1.windowHandles"/>
</testsuite> <!-- week4.day1.windowHandles -->
