<?xml version="1.0" encoding="UTF-8"?>
<!-- Generated by org.testng.reporters.JUnitReportReporter -->
<testsuite skipped="0" hostname="Batch2-KarkuvelRaj" name="week5.day1.EditLead" tests="1" failures="0" timestamp="10 Mar 2019 04:06:59 GMT" time="16.256" errors="0">
  <testcase name="editLead" time="16.256" classname="week5.day1.EditLead"/>
</testsuite> <!-- week5.day1.EditLead -->
