<?xml version="1.0" encoding="UTF-8"?>
<!-- Generated by org.testng.reporters.JUnitReportReporter -->
<testsuite skipped="0" hostname="Batch2-KarkuvelRaj" name="week5.day1.DeleteLead" tests="1" failures="0" timestamp="29 May 2019 11:28:30 GMT" time="16.113" errors="0">
  <testcase name="deleteLead" time="16.113" classname="week5.day1.DeleteLead"/>
</testsuite> <!-- week5.day1.DeleteLead -->
