<?xml version="1.0" encoding="UTF-8"?>
<!-- Generated by org.testng.reporters.JUnitReportReporter -->
<testsuite skipped="0" hostname="Batch2-KarkuvelRaj" name="week5.day1.DuplicateIntegers" tests="3" failures="0" timestamp="30 Mar 2019 12:34:40 GMT" time="0.025" errors="0">
  <testcase name="sort" time="0.002" classname="week5.day1.DuplicateIntegers"/>
  <testcase name="set" time="0.007" classname="week5.day1.DuplicateIntegers"/>
  <testcase name="dupInt" time="0.016" classname="week5.day1.DuplicateIntegers"/>
</testsuite> <!-- week5.day1.DuplicateIntegers -->
