<?xml version="1.0" encoding="UTF-8"?>
<!-- Generated by org.testng.reporters.JUnitReportReporter -->
<testsuite skipped="0" hostname="Batch2-KarkuvelRaj" name="week5.day1.DuplicateLead" tests="1" failures="0" timestamp="10 Mar 2019 04:06:59 GMT" time="17.841" errors="0">
  <testcase name="duplicateLead" time="17.841" classname="week5.day1.DuplicateLead"/>
</testsuite> <!-- week5.day1.DuplicateLead -->
