<?xml version="1.0" encoding="UTF-8"?>
<!-- Generated by org.testng.reporters.JUnitReportReporter -->
<testsuite skipped="0" hostname="Batch2-KarkuvelRaj" name="runnerfile.RunnerClass" tests="3" failures="0" timestamp="12 May 2019 06:17:36 GMT" time="55.099" errors="0">
  <testcase name="runScenario" time="17.044" classname="runnerfile.RunnerClass"/>
  <testcase name="runScenario" time="19.229" classname="runnerfile.RunnerClass"/>
  <testcase name="runScenario" time="18.826" classname="runnerfile.RunnerClass"/>
</testsuite> <!-- runnerfile.RunnerClass -->
